\BOOKMARK [1][-]{section.1}{\376\377\225\356\230\230\143\317\217\360}{}% 1
\BOOKMARK [1][-]{section.2}{\376\377\172\013\136\217\166\204\140\073\117\123\213\276\213\241}{}% 2
\BOOKMARK [2][-]{subsection.2.1}{\376\377\213\315\154\325\122\006\147\220\126\150\377\010\000l\000e\000x\000e\000r\377\011}{section.2}% 3
\BOOKMARK [2][-]{subsection.2.2}{\376\377\213\355\154\325\122\006\147\220\126\150\377\010\000p\000a\000r\000s\000e\000r\377\011}{section.2}% 4
\BOOKMARK [2][-]{subsection.2.3}{\376\377\000A\000S\000T\165\037\142\020\135\345\121\167}{section.2}% 5
\BOOKMARK [1][-]{section.3}{\376\377\145\160\143\156\176\323\147\204\124\214\173\227\154\325\213\346\176\306\213\276\213\241}{}% 6
\BOOKMARK [2][-]{subsection.3.1}{\376\377\213\315\154\325\122\006\147\220\126\150\377\010\000l\000e\000x\000e\000r\377\011}{section.3}% 7
\BOOKMARK [2][-]{subsection.3.2}{\376\377\213\355\154\325\122\006\147\220\126\150\377\010\000p\000a\000r\000s\000e\000r\377\011}{section.3}% 8
\BOOKMARK [2][-]{subsection.3.3}{\376\377\000A\000S\000T\165\037\142\020\135\345\121\167}{section.3}% 9
\BOOKMARK [1][-]{section.4}{\376\377\172\013\136\217\133\236\163\260}{}% 10
\BOOKMARK [1][-]{section.5}{\376\377\172\013\136\217\155\113\213\325\123\312\176\323\147\234\122\006\147\220}{}% 11
\BOOKMARK [2][-]{subsection.5.1}{\376\377\155\113\213\325\145\207\116\366\166\204\121\205\133\271}{section.5}% 12
\BOOKMARK [2][-]{subsection.5.2}{\376\377\131\004\164\006\124\016\166\204\116\343\170\001}{section.5}% 13
\BOOKMARK [2][-]{subsection.5.3}{\376\377\142\245\225\031}{section.5}% 14
\BOOKMARK [2][-]{subsection.5.4}{\376\377\155\113\213\325\172\013\136\217\166\204\000A\000S\000T}{section.5}% 15
\BOOKMARK [1][-]{section.6}{\376\377\131\015\147\102\136\246\166\204\122\006\147\220}{}% 16
\BOOKMARK [1][-]{section.7}{\376\377\140\073\176\323\060\001\162\171\202\162\116\016\116\015\215\263}{}% 17
\BOOKMARK [2][-]{subsection.7.1}{\376\377\232\330\136\246\123\357\211\306\123\026\166\204\142\275\214\141\213\355\154\325\150\021}{section.7}% 18
\BOOKMARK [2][-]{subsection.7.2}{\376\377\146\364\133\214\125\204\166\204\225\031\213\357\131\004\164\006}{section.7}% 19
\BOOKMARK [2][-]{subsection.7.3}{\376\377\123\357\211\306\123\026\174\373\176\337\165\114\227\142}{section.7}% 20
\BOOKMARK [2][-]{subsection.7.4}{\376\377\133\214\125\204\166\204\126\376\120\317\165\037\142\020\145\271\137\017}{section.7}% 21
\BOOKMARK [2][-]{subsection.7.5}{\376\377\145\340\154\325\122\006\147\220\213\355\116\111\225\031\213\357}{section.7}% 22
\BOOKMARK [1][-]{section.8}{\376\377\123\302\200\003\145\207\163\056}{}% 23
\BOOKMARK [1][-]{section.9}{\376\377\226\104\137\125\000A\000\040\156\220\172\013\136\217}{}% 24
\BOOKMARK [2][-]{subsection.9.1}{\376\377\140\073\174\373\176\337}{section.9}% 25
\BOOKMARK [2][-]{subsection.9.2}{\376\377\213\315\154\325\122\006\147\220\126\150\377\010\000l\000e\000x\000e\000r\377\011}{section.9}% 26
\BOOKMARK [2][-]{subsection.9.3}{\376\377\213\355\154\325\122\006\147\220\126\150\377\010\000p\000a\000r\000s\000e\000r\377\011}{section.9}% 27
\BOOKMARK [2][-]{subsection.9.4}{\376\377\000A\000S\000T\165\037\142\020\135\345\121\167}{section.9}% 28
\BOOKMARK [1][-]{section.10}{\376\377\226\104\137\125\000B\000\040\172\013\136\217\117\177\165\050\213\364\146\016}{}% 29
